{"C:\\Users\\wagen\\200406-java-react-usf\\revaboards\\src\\data\\user-db.ts": {"path":"C:\\Users\\wagen\\200406-java-react-usf\\revaboards\\src\\data\\user-db.ts","statementMap":{"0":{"start":{"line":1,"column":0},"end":{"line":1,"column":36}},"1":{"start":{"line":3,"column":9},"end":{"line":3,"column":10}},"2":{"start":{"line":5,"column":0},"end":{"line":11,"column":2}}},"fnMap":{},"branchMap":{},"s":{"0":1,"1":1,"2":1},"f":{},"b":{}}
,"C:\\Users\\wagen\\200406-java-react-usf\\revaboards\\src\\errors\\errors.ts": {"path":"C:\\Users\\wagen\\200406-java-react-usf\\revaboards\\src\\errors\\errors.ts","statementMap":{"0":{"start":{"line":1,"column":0},"end":{"line":1,"column":null}},"1":{"start":{"line":8,"column":8},"end":{"line":8,"column":53}},"2":{"start":{"line":9,"column":8},"end":{"line":9,"column":72}},"3":{"start":{"line":13,"column":4},"end":{"line":15,"column":null}},"4":{"start":{"line":14,"column":8},"end":{"line":14,"column":31}},"5":{"start":{"line":17,"column":0},"end":{"line":17,"column":null}},"6":{"start":{"line":19,"column":0},"end":{"line":19,"column":null}},"7":{"start":{"line":19,"column":39},"end":{"line":19,"column":55}},"8":{"start":{"line":22,"column":8},"end":{"line":22,"column":null}},"9":{"start":{"line":23,"column":8},"end":{"line":23,"column":51}},"10":{"start":{"line":26,"column":0},"end":{"line":26,"column":null}},"11":{"start":{"line":66,"column":4},"end":{"line":66,"column":28}},"12":{"start":{"line":28,"column":0},"end":{"line":28,"column":null}},"13":{"start":{"line":28,"column":36},"end":{"line":28,"column":52}},"14":{"start":{"line":31,"column":8},"end":{"line":31,"column":null}},"15":{"start":{"line":32,"column":8},"end":{"line":32,"column":46}},"16":{"start":{"line":35,"column":0},"end":{"line":35,"column":null}},"17":{"start":{"line":65,"column":4},"end":{"line":65,"column":25}},"18":{"start":{"line":37,"column":0},"end":{"line":37,"column":null}},"19":{"start":{"line":37,"column":30},"end":{"line":37,"column":46}},"20":{"start":{"line":40,"column":8},"end":{"line":40,"column":null}},"21":{"start":{"line":41,"column":8},"end":{"line":41,"column":43}},"22":{"start":{"line":44,"column":0},"end":{"line":44,"column":null}},"23":{"start":{"line":67,"column":4},"end":{"line":67,"column":19}},"24":{"start":{"line":46,"column":0},"end":{"line":46,"column":null}},"25":{"start":{"line":46,"column":34},"end":{"line":46,"column":50}},"26":{"start":{"line":49,"column":8},"end":{"line":49,"column":null}},"27":{"start":{"line":50,"column":8},"end":{"line":50,"column":50}},"28":{"start":{"line":53,"column":0},"end":{"line":53,"column":null}},"29":{"start":{"line":68,"column":4},"end":{"line":68,"column":23}},"30":{"start":{"line":55,"column":0},"end":{"line":55,"column":null}},"31":{"start":{"line":55,"column":34},"end":{"line":55,"column":50}},"32":{"start":{"line":58,"column":8},"end":{"line":58,"column":null}},"33":{"start":{"line":59,"column":8},"end":{"line":59,"column":51}},"34":{"start":{"line":62,"column":0},"end":{"line":62,"column":null}},"35":{"start":{"line":69,"column":4},"end":{"line":69,"column":23}}},"fnMap":{"0":{"name":"(anonymous_6)","decl":{"start":{"line":1,"column":0},"end":{"line":1,"column":null}},"loc":{"start":{"line":1,"column":0},"end":{"line":17,"column":null}}},"1":{"name":"ApplicationError","decl":{"start":{"line":6,"column":4},"end":{"line":6,"column":16}},"loc":{"start":{"line":6,"column":28},"end":{"line":11,"column":5}}},"2":{"name":"(anonymous_8)","decl":{"start":{"line":13,"column":4},"end":{"line":13,"column":14}},"loc":{"start":{"line":13,"column":30},"end":{"line":15,"column":5}}},"3":{"name":"(anonymous_9)","decl":{"start":{"line":19,"column":0},"end":{"line":19,"column":39}},"loc":{"start":{"line":19,"column":0},"end":{"line":26,"column":null}}},"4":{"name":"ResourcePersistenceError","decl":{"start":{"line":21,"column":4},"end":{"line":21,"column":17}},"loc":{"start":{"line":21,"column":32},"end":{"line":24,"column":5}}},"5":{"name":"(anonymous_11)","decl":{"start":{"line":28,"column":0},"end":{"line":28,"column":36}},"loc":{"start":{"line":28,"column":0},"end":{"line":35,"column":null}}},"6":{"name":"ResourceNotFoundError","decl":{"start":{"line":30,"column":4},"end":{"line":30,"column":17}},"loc":{"start":{"line":30,"column":32},"end":{"line":33,"column":5}}},"7":{"name":"(anonymous_13)","decl":{"start":{"line":37,"column":0},"end":{"line":37,"column":30}},"loc":{"start":{"line":37,"column":0},"end":{"line":44,"column":null}}},"8":{"name":"BadRequestError","decl":{"start":{"line":39,"column":4},"end":{"line":39,"column":17}},"loc":{"start":{"line":39,"column":32},"end":{"line":42,"column":5}}},"9":{"name":"(anonymous_15)","decl":{"start":{"line":46,"column":0},"end":{"line":46,"column":34}},"loc":{"start":{"line":46,"column":0},"end":{"line":53,"column":null}}},"10":{"name":"AuthenticationError","decl":{"start":{"line":48,"column":4},"end":{"line":48,"column":17}},"loc":{"start":{"line":48,"column":32},"end":{"line":51,"column":5}}},"11":{"name":"(anonymous_17)","decl":{"start":{"line":55,"column":0},"end":{"line":55,"column":34}},"loc":{"start":{"line":55,"column":0},"end":{"line":62,"column":null}}},"12":{"name":"NotImplementedError","decl":{"start":{"line":57,"column":4},"end":{"line":57,"column":17}},"loc":{"start":{"line":57,"column":32},"end":{"line":60,"column":5}}}},"branchMap":{"0":{"loc":{"start":{"line":9,"column":15},"end":{"line":9,"column":32}},"type":"cond-expr","locations":[{"start":{"line":9,"column":15},"end":{"line":9,"column":32}},{"start":{"line":9,"column":36},"end":{"line":9,"column":71}}]},"1":{"loc":{"start":{"line":22,"column":8},"end":{"line":22,"column":15}},"type":"binary-expr","locations":[{"start":{"line":22,"column":8},"end":{"line":22,"column":15}},{"start":{"line":22,"column":15},"end":{"line":22,"column":null}}]},"2":{"loc":{"start":{"line":31,"column":8},"end":{"line":31,"column":15}},"type":"binary-expr","locations":[{"start":{"line":31,"column":8},"end":{"line":31,"column":15}},{"start":{"line":31,"column":15},"end":{"line":31,"column":null}}]},"3":{"loc":{"start":{"line":40,"column":8},"end":{"line":40,"column":15}},"type":"binary-expr","locations":[{"start":{"line":40,"column":8},"end":{"line":40,"column":15}},{"start":{"line":40,"column":15},"end":{"line":40,"column":null}}]},"4":{"loc":{"start":{"line":49,"column":8},"end":{"line":49,"column":15}},"type":"binary-expr","locations":[{"start":{"line":49,"column":8},"end":{"line":49,"column":15}},{"start":{"line":49,"column":15},"end":{"line":49,"column":null}}]},"5":{"loc":{"start":{"line":58,"column":8},"end":{"line":58,"column":15}},"type":"binary-expr","locations":[{"start":{"line":58,"column":8},"end":{"line":58,"column":15}},{"start":{"line":58,"column":15},"end":{"line":58,"column":null}}]}},"s":{"0":1,"1":0,"2":0,"3":1,"4":0,"5":1,"6":1,"7":1,"8":0,"9":0,"10":1,"11":1,"12":1,"13":1,"14":0,"15":0,"16":1,"17":1,"18":1,"19":1,"20":0,"21":0,"22":1,"23":1,"24":1,"25":1,"26":0,"27":0,"28":1,"29":1,"30":1,"31":1,"32":0,"33":0,"34":1,"35":1},"f":{"0":1,"1":0,"2":0,"3":1,"4":0,"5":1,"6":0,"7":1,"8":0,"9":1,"10":0,"11":1,"12":0},"b":{"0":[0,0],"1":[0,0],"2":[0,0],"3":[0,0],"4":[0,0],"5":[0,0]}}
,"C:\\Users\\wagen\\200406-java-react-usf\\revaboards\\src\\models\\user.ts": {"path":"C:\\Users\\wagen\\200406-java-react-usf\\revaboards\\src\\models\\user.ts","statementMap":{"0":{"start":{"line":1,"column":0},"end":{"line":1,"column":13}},"1":{"start":{"line":13,"column":8},"end":{"line":13,"column":21}},"2":{"start":{"line":14,"column":8},"end":{"line":14,"column":27}},"3":{"start":{"line":15,"column":8},"end":{"line":15,"column":27}},"4":{"start":{"line":16,"column":8},"end":{"line":16,"column":28}},"5":{"start":{"line":17,"column":8},"end":{"line":17,"column":27}},"6":{"start":{"line":18,"column":8},"end":{"line":18,"column":27}},"7":{"start":{"line":19,"column":8},"end":{"line":19,"column":23}},"8":{"start":{"line":20,"column":8},"end":{"line":20,"column":95}},"9":{"start":{"line":28,"column":0},"end":{"line":28,"column":null}},"10":{"start":{"line":1,"column":13},"end":{"line":1,"column":17}}},"fnMap":{"0":{"name":"(anonymous_0)","decl":{"start":{"line":1,"column":0},"end":{"line":1,"column":13}},"loc":{"start":{"line":1,"column":0},"end":{"line":28,"column":null}}},"1":{"name":"User","decl":{"start":{"line":12,"column":4},"end":{"line":12,"column":16}},"loc":{"start":{"line":12,"column":100},"end":{"line":22,"column":5}}}},"branchMap":{},"s":{"0":1,"1":5,"2":5,"3":5,"4":5,"5":5,"6":5,"7":5,"8":5,"9":1,"10":1},"f":{"0":1,"1":5},"b":{}}
,"C:\\Users\\wagen\\200406-java-react-usf\\revaboards\\src\\repos\\user-repo.ts": {"path":"C:\\Users\\wagen\\200406-java-react-usf\\revaboards\\src\\repos\\user-repo.ts","statementMap":{"0":{"start":{"line":1,"column":0},"end":{"line":1,"column":35}},"1":{"start":{"line":2,"column":0},"end":{"line":2,"column":142}},"2":{"start":{"line":7,"column":0},"end":{"line":7,"column":13}},"3":{"start":{"line":13,"column":11},"end":{"line":15,"column":null}},"4":{"start":{"line":14,"column":8},"end":{"line":14,"column":115}},"5":{"start":{"line":17,"column":4},"end":{"line":36,"column":null}},"6":{"start":{"line":17,"column":4},"end":{"line":17,"column":10}},"7":{"start":{"line":19,"column":8},"end":{"line":34,"column":11}},"8":{"start":{"line":21,"column":31},"end":{"line":21,"column":33}},"9":{"start":{"line":23,"column":12},"end":{"line":25,"column":null}},"10":{"start":{"line":23,"column":30},"end":{"line":23,"column":34}},"11":{"start":{"line":23,"column":26},"end":{"line":23,"column":30}},"12":{"start":{"line":24,"column":16},"end":{"line":24,"column":38}},"13":{"start":{"line":27,"column":12},"end":{"line":30,"column":null}},"14":{"start":{"line":28,"column":16},"end":{"line":28,"column":52}},"15":{"start":{"line":29,"column":16},"end":{"line":29,"column":23}},"16":{"start":{"line":32,"column":12},"end":{"line":32,"column":51}},"17":{"start":{"line":38,"column":12},"end":{"line":44,"column":null}},"18":{"start":{"line":40,"column":15},"end":{"line":40,"column":27}},"19":{"start":{"line":41,"column":8},"end":{"line":41,"column":28}},"20":{"start":{"line":42,"column":8},"end":{"line":42,"column":19}},"21":{"start":{"line":46,"column":4},"end":{"line":71,"column":null}},"22":{"start":{"line":46,"column":4},"end":{"line":46,"column":11}},"23":{"start":{"line":48,"column":8},"end":{"line":69,"column":11}},"24":{"start":{"line":50,"column":12},"end":{"line":53,"column":null}},"25":{"start":{"line":51,"column":16},"end":{"line":51,"column":46}},"26":{"start":{"line":52,"column":16},"end":{"line":52,"column":23}},"27":{"start":{"line":55,"column":12},"end":{"line":66,"column":20}},"28":{"start":{"line":57,"column":26},"end":{"line":57,"column":90}},"29":{"start":{"line":57,"column":60},"end":{"line":57,"column":75}},"30":{"start":{"line":59,"column":16},"end":{"line":62,"column":null}},"31":{"start":{"line":60,"column":20},"end":{"line":60,"column":50}},"32":{"start":{"line":61,"column":20},"end":{"line":61,"column":27}},"33":{"start":{"line":64,"column":16},"end":{"line":64,"column":51}},"34":{"start":{"line":73,"column":4},"end":{"line":98,"column":null}},"35":{"start":{"line":73,"column":4},"end":{"line":73,"column":21}},"36":{"start":{"line":75,"column":8},"end":{"line":95,"column":11}},"37":{"start":{"line":77,"column":12},"end":{"line":80,"column":null}},"38":{"start":{"line":78,"column":16},"end":{"line":78,"column":46}},"39":{"start":{"line":79,"column":16},"end":{"line":79,"column":23}},"40":{"start":{"line":82,"column":12},"end":{"line":93,"column":20}},"41":{"start":{"line":84,"column":26},"end":{"line":84,"column":89}},"42":{"start":{"line":84,"column":53},"end":{"line":84,"column":74}},"43":{"start":{"line":86,"column":16},"end":{"line":89,"column":null}},"44":{"start":{"line":87,"column":20},"end":{"line":87,"column":56}},"45":{"start":{"line":88,"column":20},"end":{"line":88,"column":27}},"46":{"start":{"line":91,"column":16},"end":{"line":91,"column":51}},"47":{"start":{"line":100,"column":4},"end":{"line":124,"column":null}},"48":{"start":{"line":102,"column":8},"end":{"line":122,"column":11}},"49":{"start":{"line":104,"column":12},"end":{"line":107,"column":null}},"50":{"start":{"line":105,"column":16},"end":{"line":105,"column":46}},"51":{"start":{"line":106,"column":16},"end":{"line":106,"column":23}},"52":{"start":{"line":109,"column":12},"end":{"line":120,"column":20}},"53":{"start":{"line":111,"column":26},"end":{"line":111,"column":113}},"54":{"start":{"line":111,"column":53},"end":{"line":111,"column":98}},"55":{"start":{"line":113,"column":16},"end":{"line":116,"column":null}},"56":{"start":{"line":114,"column":20},"end":{"line":114,"column":54}},"57":{"start":{"line":115,"column":20},"end":{"line":115,"column":27}},"58":{"start":{"line":118,"column":16},"end":{"line":118,"column":30}},"59":{"start":{"line":126,"column":4},"end":{"line":172,"column":null}},"60":{"start":{"line":128,"column":8},"end":{"line":168,"column":11}},"61":{"start":{"line":130,"column":12},"end":{"line":133,"column":null}},"62":{"start":{"line":131,"column":16},"end":{"line":131,"column":46}},"63":{"start":{"line":132,"column":16},"end":{"line":132,"column":23}},"64":{"start":{"line":135,"column":26},"end":{"line":138,"column":14}},"65":{"start":{"line":136,"column":16},"end":{"line":136,"column":44}},"66":{"start":{"line":136,"column":32},"end":{"line":136,"column":44}},"67":{"start":{"line":137,"column":16},"end":{"line":137,"column":36}},"68":{"start":{"line":140,"column":12},"end":{"line":143,"column":null}},"69":{"start":{"line":141,"column":16},"end":{"line":141,"column":46}},"70":{"start":{"line":142,"column":16},"end":{"line":142,"column":23}},"71":{"start":{"line":145,"column":12},"end":{"line":166,"column":15}},"72":{"start":{"line":147,"column":31},"end":{"line":147,"column":91}},"73":{"start":{"line":147,"column":51},"end":{"line":147,"column":85}},"74":{"start":{"line":149,"column":16},"end":{"line":152,"column":null}},"75":{"start":{"line":150,"column":20},"end":{"line":150,"column":59}},"76":{"start":{"line":151,"column":20},"end":{"line":151,"column":27}},"77":{"start":{"line":154,"column":16},"end":{"line":154,"column":82}},"78":{"start":{"line":154,"column":47},"end":{"line":154,"column":75}},"79":{"start":{"line":156,"column":16},"end":{"line":159,"column":null}},"80":{"start":{"line":157,"column":20},"end":{"line":157,"column":59}},"81":{"start":{"line":158,"column":20},"end":{"line":158,"column":27}},"82":{"start":{"line":161,"column":16},"end":{"line":161,"column":47}},"83":{"start":{"line":162,"column":16},"end":{"line":162,"column":35}},"84":{"start":{"line":164,"column":16},"end":{"line":164,"column":33}},"85":{"start":{"line":174,"column":4},"end":{"line":226,"column":null}},"86":{"start":{"line":176,"column":8},"end":{"line":224,"column":11}},"87":{"start":{"line":178,"column":12},"end":{"line":181,"column":null}},"88":{"start":{"line":179,"column":16},"end":{"line":179,"column":46}},"89":{"start":{"line":180,"column":16},"end":{"line":180,"column":23}},"90":{"start":{"line":183,"column":12},"end":{"line":186,"column":null}},"91":{"start":{"line":184,"column":16},"end":{"line":184,"column":46}},"92":{"start":{"line":185,"column":16},"end":{"line":185,"column":23}},"93":{"start":{"line":188,"column":26},"end":{"line":188,"column":90}},"94":{"start":{"line":188,"column":65},"end":{"line":188,"column":69}},"95":{"start":{"line":190,"column":12},"end":{"line":193,"column":null}},"96":{"start":{"line":191,"column":16},"end":{"line":191,"column":46}},"97":{"start":{"line":192,"column":16},"end":{"line":192,"column":23}},"98":{"start":{"line":195,"column":12},"end":{"line":222,"column":20}},"99":{"start":{"line":197,"column":36},"end":{"line":197,"column":81}},"100":{"start":{"line":197,"column":54},"end":{"line":197,"column":81}},"101":{"start":{"line":199,"column":16},"end":{"line":202,"column":null}},"102":{"start":{"line":200,"column":20},"end":{"line":200,"column":56}},"103":{"start":{"line":201,"column":20},"end":{"line":201,"column":27}},"104":{"start":{"line":204,"column":16},"end":{"line":207,"column":null}},"105":{"start":{"line":205,"column":20},"end":{"line":205,"column":59}},"106":{"start":{"line":206,"column":20},"end":{"line":206,"column":27}},"107":{"start":{"line":209,"column":33},"end":{"line":212,"column":24}},"108":{"start":{"line":210,"column":20},"end":{"line":210,"column":64}},"109":{"start":{"line":210,"column":51},"end":{"line":210,"column":64}},"110":{"start":{"line":211,"column":20},"end":{"line":211,"column":59}},"111":{"start":{"line":214,"column":16},"end":{"line":217,"column":null}},"112":{"start":{"line":215,"column":20},"end":{"line":215,"column":59}},"113":{"start":{"line":216,"column":20},"end":{"line":216,"column":27}},"114":{"start":{"line":219,"column":16},"end":{"line":219,"column":44}},"115":{"start":{"line":220,"column":16},"end":{"line":220,"column":30}},"116":{"start":{"line":228,"column":4},"end":{"line":238,"column":null}},"117":{"start":{"line":230,"column":8},"end":{"line":236,"column":11}},"118":{"start":{"line":232,"column":12},"end":{"line":234,"column":15}},"119":{"start":{"line":233,"column":16},"end":{"line":233,"column":50}},"120":{"start":{"line":240,"column":0},"end":{"line":240,"column":null}},"121":{"start":{"line":7,"column":13},"end":{"line":7,"column":27}}},"fnMap":{"0":{"name":"(anonymous_3)","decl":{"start":{"line":7,"column":0},"end":{"line":7,"column":13}},"loc":{"start":{"line":7,"column":0},"end":{"line":240,"column":null}}},"1":{"name":"UserRepository","decl":{"start":{"line":11,"column":4},"end":{"line":11,"column":27}},"loc":{"start":{"line":11,"column":4},"end":{"line":11,"column":28}}},"2":{"name":"(anonymous_5)","decl":{"start":{"line":13,"column":4},"end":{"line":13,"column":11}},"loc":{"start":{"line":13,"column":4},"end":{"line":15,"column":5}}},"3":{"name":"(anonymous_6)","decl":{"start":{"line":17,"column":4},"end":{"line":17,"column":10}},"loc":{"start":{"line":17,"column":4},"end":{"line":36,"column":5}}},"4":{"name":"(anonymous_7)","decl":{"start":{"line":19,"column":35},"end":{"line":19,"column":36}},"loc":{"start":{"line":19,"column":50},"end":{"line":34,"column":9}}},"5":{"name":"(anonymous_8)","decl":{"start":{"line":38,"column":4},"end":{"line":38,"column":12}},"loc":{"start":{"line":38,"column":37},"end":{"line":44,"column":5}}},"6":{"name":"(anonymous_9)","decl":{"start":{"line":46,"column":4},"end":{"line":46,"column":11}},"loc":{"start":{"line":46,"column":22},"end":{"line":71,"column":5}}},"7":{"name":"(anonymous_10)","decl":{"start":{"line":48,"column":33},"end":{"line":48,"column":34}},"loc":{"start":{"line":48,"column":48},"end":{"line":69,"column":9}}},"8":{"name":"(anonymous_11)","decl":{"start":{"line":55,"column":23},"end":{"line":55,"column":null}},"loc":{"start":{"line":55,"column":23},"end":{"line":66,"column":13}}},"9":{"name":"(anonymous_12)","decl":{"start":{"line":57,"column":52},"end":{"line":57,"column":56}},"loc":{"start":{"line":57,"column":56},"end":{"line":57,"column":64}}},"10":{"name":"(anonymous_13)","decl":{"start":{"line":73,"column":4},"end":{"line":73,"column":21}},"loc":{"start":{"line":73,"column":33},"end":{"line":98,"column":5}}},"11":{"name":"(anonymous_14)","decl":{"start":{"line":75,"column":33},"end":{"line":75,"column":34}},"loc":{"start":{"line":75,"column":49},"end":{"line":95,"column":9}}},"12":{"name":"(anonymous_15)","decl":{"start":{"line":82,"column":23},"end":{"line":82,"column":null}},"loc":{"start":{"line":82,"column":23},"end":{"line":93,"column":13}}},"13":{"name":"(anonymous_16)","decl":{"start":{"line":84,"column":45},"end":{"line":84,"column":49}},"loc":{"start":{"line":84,"column":49},"end":{"line":84,"column":57}}},"14":{"name":"(anonymous_17)","decl":{"start":{"line":100,"column":4},"end":{"line":100,"column":24}},"loc":{"start":{"line":100,"column":47},"end":{"line":124,"column":5}}},"15":{"name":"(anonymous_18)","decl":{"start":{"line":102,"column":33},"end":{"line":102,"column":34}},"loc":{"start":{"line":102,"column":49},"end":{"line":122,"column":9}}},"16":{"name":"(anonymous_19)","decl":{"start":{"line":109,"column":23},"end":{"line":109,"column":null}},"loc":{"start":{"line":109,"column":23},"end":{"line":120,"column":13}}},"17":{"name":"(anonymous_20)","decl":{"start":{"line":111,"column":45},"end":{"line":111,"column":49}},"loc":{"start":{"line":111,"column":49},"end":{"line":111,"column":57}}},"18":{"name":"(anonymous_21)","decl":{"start":{"line":126,"column":4},"end":{"line":126,"column":8}},"loc":{"start":{"line":126,"column":22},"end":{"line":172,"column":5}}},"19":{"name":"(anonymous_22)","decl":{"start":{"line":128,"column":34},"end":{"line":128,"column":35}},"loc":{"start":{"line":128,"column":49},"end":{"line":168,"column":9}}},"20":{"name":"(anonymous_23)","decl":{"start":{"line":135,"column":54},"end":{"line":135,"column":55}},"loc":{"start":{"line":135,"column":58},"end":{"line":138,"column":13}}},"21":{"name":"(anonymous_24)","decl":{"start":{"line":145,"column":23},"end":{"line":145,"column":null}},"loc":{"start":{"line":145,"column":23},"end":{"line":166,"column":13}}},"22":{"name":"(anonymous_25)","decl":{"start":{"line":147,"column":43},"end":{"line":147,"column":47}},"loc":{"start":{"line":147,"column":47},"end":{"line":147,"column":55}}},"23":{"name":"(anonymous_26)","decl":{"start":{"line":154,"column":39},"end":{"line":154,"column":43}},"loc":{"start":{"line":154,"column":43},"end":{"line":154,"column":51}}},"24":{"name":"(anonymous_27)","decl":{"start":{"line":174,"column":4},"end":{"line":174,"column":10}},"loc":{"start":{"line":174,"column":28},"end":{"line":226,"column":5}}},"25":{"name":"(anonymous_28)","decl":{"start":{"line":176,"column":37},"end":{"line":176,"column":38}},"loc":{"start":{"line":176,"column":52},"end":{"line":224,"column":9}}},"26":{"name":"(anonymous_29)","decl":{"start":{"line":188,"column":58},"end":{"line":188,"column":61}},"loc":{"start":{"line":188,"column":61},"end":{"line":188,"column":68}}},"27":{"name":"(anonymous_30)","decl":{"start":{"line":195,"column":23},"end":{"line":195,"column":null}},"loc":{"start":{"line":195,"column":23},"end":{"line":222,"column":13}}},"28":{"name":"(anonymous_31)","decl":{"start":{"line":197,"column":46},"end":{"line":197,"column":50}},"loc":{"start":{"line":197,"column":50},"end":{"line":197,"column":58}}},"29":{"name":"(anonymous_32)","decl":{"start":{"line":209,"column":45},"end":{"line":209,"column":49}},"loc":{"start":{"line":209,"column":49},"end":{"line":212,"column":17}}},"30":{"name":"(anonymous_33)","decl":{"start":{"line":228,"column":4},"end":{"line":228,"column":14}},"loc":{"start":{"line":228,"column":25},"end":{"line":238,"column":5}}},"31":{"name":"(anonymous_34)","decl":{"start":{"line":230,"column":36},"end":{"line":230,"column":37}},"loc":{"start":{"line":230,"column":52},"end":{"line":236,"column":9}}},"32":{"name":"(anonymous_35)","decl":{"start":{"line":232,"column":40},"end":{"line":232,"column":41}},"loc":{"start":{"line":232,"column":55},"end":{"line":234,"column":13}}}},"branchMap":{"0":{"loc":{"start":{"line":14,"column":42},"end":{"line":14,"column":88}},"type":"cond-expr","locations":[{"start":{"line":14,"column":42},"end":{"line":14,"column":88}},{"start":{"line":14,"column":91},"end":{"line":14,"column":114}}]},"1":{"loc":{"start":{"line":27,"column":12},"end":{"line":30,"column":null}},"type":"if","locations":[{"start":{"line":27,"column":12},"end":{"line":30,"column":null}},{"start":{"line":27,"column":12},"end":{"line":30,"column":null}}]},"2":{"loc":{"start":{"line":50,"column":12},"end":{"line":53,"column":null}},"type":"if","locations":[{"start":{"line":50,"column":12},"end":{"line":53,"column":null}},{"start":{"line":50,"column":12},"end":{"line":53,"column":null}}]},"3":{"loc":{"start":{"line":50,"column":16},"end":{"line":50,"column":38}},"type":"binary-expr","locations":[{"start":{"line":50,"column":16},"end":{"line":50,"column":38}},{"start":{"line":50,"column":42},"end":{"line":50,"column":63}},{"start":{"line":50,"column":67},"end":{"line":50,"column":74}}]},"4":{"loc":{"start":{"line":59,"column":16},"end":{"line":62,"column":null}},"type":"if","locations":[{"start":{"line":59,"column":16},"end":{"line":62,"column":null}},{"start":{"line":59,"column":16},"end":{"line":62,"column":null}}]},"5":{"loc":{"start":{"line":77,"column":12},"end":{"line":80,"column":null}},"type":"if","locations":[{"start":{"line":77,"column":12},"end":{"line":80,"column":null}},{"start":{"line":77,"column":12},"end":{"line":80,"column":null}}]},"6":{"loc":{"start":{"line":77,"column":16},"end":{"line":77,"column":38}},"type":"binary-expr","locations":[{"start":{"line":77,"column":16},"end":{"line":77,"column":38}},{"start":{"line":77,"column":42},"end":{"line":77,"column":45}}]},"7":{"loc":{"start":{"line":86,"column":16},"end":{"line":89,"column":null}},"type":"if","locations":[{"start":{"line":86,"column":16},"end":{"line":89,"column":null}},{"start":{"line":86,"column":16},"end":{"line":89,"column":null}}]},"8":{"loc":{"start":{"line":104,"column":12},"end":{"line":107,"column":null}},"type":"if","locations":[{"start":{"line":104,"column":12},"end":{"line":107,"column":null}},{"start":{"line":104,"column":12},"end":{"line":107,"column":null}}]},"9":{"loc":{"start":{"line":104,"column":16},"end":{"line":104,"column":19}},"type":"binary-expr","locations":[{"start":{"line":104,"column":16},"end":{"line":104,"column":19}},{"start":{"line":104,"column":23},"end":{"line":104,"column":26}},{"start":{"line":104,"column":30},"end":{"line":104,"column":52}},{"start":{"line":104,"column":56},"end":{"line":104,"column":78}}]},"10":{"loc":{"start":{"line":111,"column":53},"end":{"line":111,"column":73}},"type":"binary-expr","locations":[{"start":{"line":111,"column":53},"end":{"line":111,"column":73}},{"start":{"line":111,"column":77},"end":{"line":111,"column":97}}]},"11":{"loc":{"start":{"line":113,"column":16},"end":{"line":116,"column":null}},"type":"if","locations":[{"start":{"line":113,"column":16},"end":{"line":116,"column":null}},{"start":{"line":113,"column":16},"end":{"line":116,"column":null}}]},"12":{"loc":{"start":{"line":130,"column":12},"end":{"line":133,"column":null}},"type":"if","locations":[{"start":{"line":130,"column":12},"end":{"line":133,"column":null}},{"start":{"line":130,"column":12},"end":{"line":133,"column":null}}]},"13":{"loc":{"start":{"line":136,"column":16},"end":{"line":136,"column":44}},"type":"if","locations":[{"start":{"line":136,"column":16},"end":{"line":136,"column":44}},{"start":{"line":136,"column":16},"end":{"line":136,"column":44}}]},"14":{"loc":{"start":{"line":140,"column":12},"end":{"line":143,"column":null}},"type":"if","locations":[{"start":{"line":140,"column":12},"end":{"line":143,"column":null}},{"start":{"line":140,"column":12},"end":{"line":143,"column":null}}]},"15":{"loc":{"start":{"line":149,"column":16},"end":{"line":152,"column":null}},"type":"if","locations":[{"start":{"line":149,"column":16},"end":{"line":152,"column":null}},{"start":{"line":149,"column":16},"end":{"line":152,"column":null}}]},"16":{"loc":{"start":{"line":156,"column":16},"end":{"line":159,"column":null}},"type":"if","locations":[{"start":{"line":156,"column":16},"end":{"line":159,"column":null}},{"start":{"line":156,"column":16},"end":{"line":159,"column":null}}]},"17":{"loc":{"start":{"line":178,"column":12},"end":{"line":181,"column":null}},"type":"if","locations":[{"start":{"line":178,"column":12},"end":{"line":181,"column":null}},{"start":{"line":178,"column":12},"end":{"line":181,"column":null}}]},"18":{"loc":{"start":{"line":183,"column":12},"end":{"line":186,"column":null}},"type":"if","locations":[{"start":{"line":183,"column":12},"end":{"line":186,"column":null}},{"start":{"line":183,"column":12},"end":{"line":186,"column":null}}]},"19":{"loc":{"start":{"line":190,"column":12},"end":{"line":193,"column":null}},"type":"if","locations":[{"start":{"line":190,"column":12},"end":{"line":193,"column":null}},{"start":{"line":190,"column":12},"end":{"line":193,"column":null}}]},"20":{"loc":{"start":{"line":199,"column":16},"end":{"line":202,"column":null}},"type":"if","locations":[{"start":{"line":199,"column":16},"end":{"line":202,"column":null}},{"start":{"line":199,"column":16},"end":{"line":202,"column":null}}]},"21":{"loc":{"start":{"line":204,"column":16},"end":{"line":207,"column":null}},"type":"if","locations":[{"start":{"line":204,"column":16},"end":{"line":207,"column":null}},{"start":{"line":204,"column":16},"end":{"line":207,"column":null}}]},"22":{"loc":{"start":{"line":210,"column":20},"end":{"line":210,"column":64}},"type":"if","locations":[{"start":{"line":210,"column":20},"end":{"line":210,"column":64}},{"start":{"line":210,"column":20},"end":{"line":210,"column":64}}]},"23":{"loc":{"start":{"line":214,"column":16},"end":{"line":217,"column":null}},"type":"if","locations":[{"start":{"line":214,"column":16},"end":{"line":217,"column":null}},{"start":{"line":214,"column":16},"end":{"line":217,"column":null}}]}},"s":{"0":1,"1":1,"2":1,"3":1,"4":2,"5":1,"6":0,"7":0,"8":0,"9":0,"10":0,"11":0,"12":0,"13":0,"14":0,"15":0,"16":0,"17":1,"18":0,"19":0,"20":0,"21":1,"22":0,"23":0,"24":0,"25":0,"26":0,"27":0,"28":0,"29":0,"30":0,"31":0,"32":0,"33":0,"34":1,"35":0,"36":0,"37":0,"38":0,"39":0,"40":0,"41":0,"42":0,"43":0,"44":0,"45":0,"46":0,"47":1,"48":0,"49":0,"50":0,"51":0,"52":0,"53":0,"54":0,"55":0,"56":0,"57":0,"58":0,"59":1,"60":0,"61":0,"62":0,"63":0,"64":0,"65":0,"66":0,"67":0,"68":0,"69":0,"70":0,"71":0,"72":0,"73":0,"74":0,"75":0,"76":0,"77":0,"78":0,"79":0,"80":0,"81":0,"82":0,"83":0,"84":0,"85":1,"86":0,"87":0,"88":0,"89":0,"90":0,"91":0,"92":0,"93":0,"94":0,"95":0,"96":0,"97":0,"98":0,"99":0,"100":0,"101":0,"102":0,"103":0,"104":0,"105":0,"106":0,"107":0,"108":0,"109":0,"110":0,"111":0,"112":0,"113":0,"114":0,"115":0,"116":1,"117":0,"118":0,"119":0,"120":1,"121":1},"f":{"0":1,"1":1,"2":2,"3":0,"4":0,"5":0,"6":0,"7":0,"8":0,"9":0,"10":0,"11":0,"12":0,"13":0,"14":0,"15":0,"16":0,"17":0,"18":0,"19":0,"20":0,"21":0,"22":0,"23":0,"24":0,"25":0,"26":0,"27":0,"28":0,"29":0,"30":0,"31":0,"32":0},"b":{"0":[1,1],"1":[0,0],"2":[0,0],"3":[0,0,0],"4":[0,0],"5":[0,0],"6":[0,0],"7":[0,0],"8":[0,0],"9":[0,0,0,0],"10":[0,0],"11":[0,0],"12":[0,0],"13":[0,0],"14":[0,0],"15":[0,0],"16":[0,0],"17":[0,0],"18":[0,0],"19":[0,0],"20":[0,0],"21":[0,0],"22":[0,0],"23":[0,0]}}
}
