{"C:\\Users\\wagen\\200406-java-react-usf\\revaboards\\src\\data\\user-db.ts": {"path":"C:\\Users\\wagen\\200406-java-react-usf\\revaboards\\src\\data\\user-db.ts","statementMap":{"0":{"start":{"line":1,"column":0},"end":{"line":1,"column":36}},"1":{"start":{"line":3,"column":9},"end":{"line":3,"column":10}},"2":{"start":{"line":5,"column":0},"end":{"line":11,"column":2}}},"fnMap":{},"branchMap":{},"s":{"0":1,"1":1,"2":1},"f":{},"b":{}}
,"C:\\Users\\wagen\\200406-java-react-usf\\revaboards\\src\\errors\\errors.ts": {"path":"C:\\Users\\wagen\\200406-java-react-usf\\revaboards\\src\\errors\\errors.ts","statementMap":{"0":{"start":{"line":1,"column":0},"end":{"line":1,"column":null}},"1":{"start":{"line":8,"column":8},"end":{"line":8,"column":53}},"2":{"start":{"line":9,"column":8},"end":{"line":9,"column":72}},"3":{"start":{"line":13,"column":4},"end":{"line":15,"column":null}},"4":{"start":{"line":14,"column":8},"end":{"line":14,"column":31}},"5":{"start":{"line":17,"column":0},"end":{"line":17,"column":null}},"6":{"start":{"line":19,"column":0},"end":{"line":19,"column":null}},"7":{"start":{"line":19,"column":39},"end":{"line":19,"column":55}},"8":{"start":{"line":22,"column":8},"end":{"line":22,"column":null}},"9":{"start":{"line":23,"column":8},"end":{"line":23,"column":51}},"10":{"start":{"line":26,"column":0},"end":{"line":26,"column":null}},"11":{"start":{"line":66,"column":4},"end":{"line":66,"column":28}},"12":{"start":{"line":28,"column":0},"end":{"line":28,"column":null}},"13":{"start":{"line":28,"column":36},"end":{"line":28,"column":52}},"14":{"start":{"line":31,"column":8},"end":{"line":31,"column":null}},"15":{"start":{"line":32,"column":8},"end":{"line":32,"column":46}},"16":{"start":{"line":35,"column":0},"end":{"line":35,"column":null}},"17":{"start":{"line":65,"column":4},"end":{"line":65,"column":25}},"18":{"start":{"line":37,"column":0},"end":{"line":37,"column":null}},"19":{"start":{"line":37,"column":30},"end":{"line":37,"column":46}},"20":{"start":{"line":40,"column":8},"end":{"line":40,"column":null}},"21":{"start":{"line":41,"column":8},"end":{"line":41,"column":43}},"22":{"start":{"line":44,"column":0},"end":{"line":44,"column":null}},"23":{"start":{"line":67,"column":4},"end":{"line":67,"column":19}},"24":{"start":{"line":46,"column":0},"end":{"line":46,"column":null}},"25":{"start":{"line":46,"column":34},"end":{"line":46,"column":50}},"26":{"start":{"line":49,"column":8},"end":{"line":49,"column":null}},"27":{"start":{"line":50,"column":8},"end":{"line":50,"column":50}},"28":{"start":{"line":53,"column":0},"end":{"line":53,"column":null}},"29":{"start":{"line":68,"column":4},"end":{"line":68,"column":23}},"30":{"start":{"line":55,"column":0},"end":{"line":55,"column":null}},"31":{"start":{"line":55,"column":34},"end":{"line":55,"column":50}},"32":{"start":{"line":58,"column":8},"end":{"line":58,"column":null}},"33":{"start":{"line":59,"column":8},"end":{"line":59,"column":51}},"34":{"start":{"line":62,"column":0},"end":{"line":62,"column":null}},"35":{"start":{"line":69,"column":4},"end":{"line":69,"column":23}}},"fnMap":{"0":{"name":"(anonymous_6)","decl":{"start":{"line":1,"column":0},"end":{"line":1,"column":null}},"loc":{"start":{"line":1,"column":0},"end":{"line":17,"column":null}}},"1":{"name":"ApplicationError","decl":{"start":{"line":6,"column":4},"end":{"line":6,"column":16}},"loc":{"start":{"line":6,"column":28},"end":{"line":11,"column":5}}},"2":{"name":"(anonymous_8)","decl":{"start":{"line":13,"column":4},"end":{"line":13,"column":14}},"loc":{"start":{"line":13,"column":30},"end":{"line":15,"column":5}}},"3":{"name":"(anonymous_9)","decl":{"start":{"line":19,"column":0},"end":{"line":19,"column":39}},"loc":{"start":{"line":19,"column":0},"end":{"line":26,"column":null}}},"4":{"name":"ResourcePersistenceError","decl":{"start":{"line":21,"column":4},"end":{"line":21,"column":17}},"loc":{"start":{"line":21,"column":32},"end":{"line":24,"column":5}}},"5":{"name":"(anonymous_11)","decl":{"start":{"line":28,"column":0},"end":{"line":28,"column":36}},"loc":{"start":{"line":28,"column":0},"end":{"line":35,"column":null}}},"6":{"name":"ResourceNotFoundError","decl":{"start":{"line":30,"column":4},"end":{"line":30,"column":17}},"loc":{"start":{"line":30,"column":32},"end":{"line":33,"column":5}}},"7":{"name":"(anonymous_13)","decl":{"start":{"line":37,"column":0},"end":{"line":37,"column":30}},"loc":{"start":{"line":37,"column":0},"end":{"line":44,"column":null}}},"8":{"name":"BadRequestError","decl":{"start":{"line":39,"column":4},"end":{"line":39,"column":17}},"loc":{"start":{"line":39,"column":32},"end":{"line":42,"column":5}}},"9":{"name":"(anonymous_15)","decl":{"start":{"line":46,"column":0},"end":{"line":46,"column":34}},"loc":{"start":{"line":46,"column":0},"end":{"line":53,"column":null}}},"10":{"name":"AuthenticationError","decl":{"start":{"line":48,"column":4},"end":{"line":48,"column":17}},"loc":{"start":{"line":48,"column":32},"end":{"line":51,"column":5}}},"11":{"name":"(anonymous_17)","decl":{"start":{"line":55,"column":0},"end":{"line":55,"column":34}},"loc":{"start":{"line":55,"column":0},"end":{"line":62,"column":null}}},"12":{"name":"NotImplementedError","decl":{"start":{"line":57,"column":4},"end":{"line":57,"column":17}},"loc":{"start":{"line":57,"column":32},"end":{"line":60,"column":5}}}},"branchMap":{"0":{"loc":{"start":{"line":9,"column":15},"end":{"line":9,"column":32}},"type":"cond-expr","locations":[{"start":{"line":9,"column":15},"end":{"line":9,"column":32}},{"start":{"line":9,"column":36},"end":{"line":9,"column":71}}]},"1":{"loc":{"start":{"line":22,"column":8},"end":{"line":22,"column":15}},"type":"binary-expr","locations":[{"start":{"line":22,"column":8},"end":{"line":22,"column":15}},{"start":{"line":22,"column":15},"end":{"line":22,"column":null}}]},"2":{"loc":{"start":{"line":31,"column":8},"end":{"line":31,"column":15}},"type":"binary-expr","locations":[{"start":{"line":31,"column":8},"end":{"line":31,"column":15}},{"start":{"line":31,"column":15},"end":{"line":31,"column":null}}]},"3":{"loc":{"start":{"line":40,"column":8},"end":{"line":40,"column":15}},"type":"binary-expr","locations":[{"start":{"line":40,"column":8},"end":{"line":40,"column":15}},{"start":{"line":40,"column":15},"end":{"line":40,"column":null}}]},"4":{"loc":{"start":{"line":49,"column":8},"end":{"line":49,"column":15}},"type":"binary-expr","locations":[{"start":{"line":49,"column":8},"end":{"line":49,"column":15}},{"start":{"line":49,"column":15},"end":{"line":49,"column":null}}]},"5":{"loc":{"start":{"line":58,"column":8},"end":{"line":58,"column":15}},"type":"binary-expr","locations":[{"start":{"line":58,"column":8},"end":{"line":58,"column":15}},{"start":{"line":58,"column":15},"end":{"line":58,"column":null}}]}},"s":{"0":1,"1":4,"2":4,"3":1,"4":4,"5":1,"6":1,"7":1,"8":0,"9":0,"10":1,"11":1,"12":1,"13":1,"14":1,"15":1,"16":1,"17":1,"18":1,"19":1,"20":3,"21":3,"22":1,"23":1,"24":1,"25":1,"26":0,"27":0,"28":1,"29":1,"30":1,"31":1,"32":0,"33":0,"34":1,"35":1},"f":{"0":1,"1":4,"2":4,"3":1,"4":0,"5":1,"6":1,"7":1,"8":3,"9":1,"10":0,"11":1,"12":0},"b":{"0":[0,4],"1":[0,0],"2":[1,1],"3":[3,3],"4":[0,0],"5":[0,0]}}
,"C:\\Users\\wagen\\200406-java-react-usf\\revaboards\\src\\models\\user.ts": {"path":"C:\\Users\\wagen\\200406-java-react-usf\\revaboards\\src\\models\\user.ts","statementMap":{"0":{"start":{"line":1,"column":0},"end":{"line":1,"column":13}},"1":{"start":{"line":13,"column":8},"end":{"line":13,"column":21}},"2":{"start":{"line":14,"column":8},"end":{"line":14,"column":27}},"3":{"start":{"line":15,"column":8},"end":{"line":15,"column":27}},"4":{"start":{"line":16,"column":8},"end":{"line":16,"column":28}},"5":{"start":{"line":17,"column":8},"end":{"line":17,"column":27}},"6":{"start":{"line":18,"column":8},"end":{"line":18,"column":27}},"7":{"start":{"line":19,"column":8},"end":{"line":19,"column":23}},"8":{"start":{"line":28,"column":0},"end":{"line":28,"column":null}},"9":{"start":{"line":1,"column":13},"end":{"line":1,"column":17}}},"fnMap":{"0":{"name":"(anonymous_0)","decl":{"start":{"line":1,"column":0},"end":{"line":1,"column":13}},"loc":{"start":{"line":1,"column":0},"end":{"line":28,"column":null}}},"1":{"name":"User","decl":{"start":{"line":12,"column":4},"end":{"line":12,"column":16}},"loc":{"start":{"line":12,"column":100},"end":{"line":22,"column":5}}}},"branchMap":{},"s":{"0":1,"1":6,"2":6,"3":6,"4":6,"5":6,"6":6,"7":6,"8":1,"9":1},"f":{"0":1,"1":6},"b":{}}
,"C:\\Users\\wagen\\200406-java-react-usf\\revaboards\\src\\repos\\user-repo.ts": {"path":"C:\\Users\\wagen\\200406-java-react-usf\\revaboards\\src\\repos\\user-repo.ts","statementMap":{"0":{"start":{"line":1,"column":0},"end":{"line":1,"column":35}},"1":{"start":{"line":2,"column":0},"end":{"line":2,"column":142}},"2":{"start":{"line":5,"column":0},"end":{"line":5,"column":42}},"3":{"start":{"line":8,"column":0},"end":{"line":8,"column":13}},"4":{"start":{"line":14,"column":11},"end":{"line":16,"column":null}},"5":{"start":{"line":15,"column":8},"end":{"line":15,"column":115}},"6":{"start":{"line":18,"column":4},"end":{"line":37,"column":null}},"7":{"start":{"line":18,"column":4},"end":{"line":18,"column":10}},"8":{"start":{"line":20,"column":8},"end":{"line":35,"column":11}},"9":{"start":{"line":22,"column":31},"end":{"line":22,"column":33}},"10":{"start":{"line":24,"column":12},"end":{"line":26,"column":null}},"11":{"start":{"line":24,"column":30},"end":{"line":24,"column":34}},"12":{"start":{"line":24,"column":26},"end":{"line":24,"column":30}},"13":{"start":{"line":25,"column":16},"end":{"line":25,"column":38}},"14":{"start":{"line":28,"column":12},"end":{"line":31,"column":null}},"15":{"start":{"line":29,"column":16},"end":{"line":29,"column":52}},"16":{"start":{"line":30,"column":16},"end":{"line":30,"column":23}},"17":{"start":{"line":33,"column":12},"end":{"line":33,"column":51}},"18":{"start":{"line":39,"column":12},"end":{"line":45,"column":null}},"19":{"start":{"line":41,"column":15},"end":{"line":41,"column":27}},"20":{"start":{"line":42,"column":8},"end":{"line":42,"column":28}},"21":{"start":{"line":43,"column":8},"end":{"line":43,"column":19}},"22":{"start":{"line":47,"column":4},"end":{"line":72,"column":null}},"23":{"start":{"line":47,"column":4},"end":{"line":47,"column":11}},"24":{"start":{"line":49,"column":8},"end":{"line":70,"column":11}},"25":{"start":{"line":51,"column":12},"end":{"line":54,"column":null}},"26":{"start":{"line":52,"column":16},"end":{"line":52,"column":46}},"27":{"start":{"line":53,"column":16},"end":{"line":53,"column":23}},"28":{"start":{"line":56,"column":12},"end":{"line":67,"column":20}},"29":{"start":{"line":58,"column":26},"end":{"line":58,"column":90}},"30":{"start":{"line":58,"column":60},"end":{"line":58,"column":75}},"31":{"start":{"line":60,"column":16},"end":{"line":63,"column":null}},"32":{"start":{"line":61,"column":20},"end":{"line":61,"column":50}},"33":{"start":{"line":62,"column":20},"end":{"line":62,"column":27}},"34":{"start":{"line":65,"column":16},"end":{"line":65,"column":51}},"35":{"start":{"line":74,"column":4},"end":{"line":99,"column":null}},"36":{"start":{"line":74,"column":4},"end":{"line":74,"column":21}},"37":{"start":{"line":76,"column":8},"end":{"line":96,"column":11}},"38":{"start":{"line":78,"column":12},"end":{"line":81,"column":null}},"39":{"start":{"line":79,"column":16},"end":{"line":79,"column":46}},"40":{"start":{"line":80,"column":16},"end":{"line":80,"column":23}},"41":{"start":{"line":83,"column":12},"end":{"line":94,"column":20}},"42":{"start":{"line":85,"column":26},"end":{"line":85,"column":89}},"43":{"start":{"line":85,"column":53},"end":{"line":85,"column":74}},"44":{"start":{"line":87,"column":16},"end":{"line":90,"column":null}},"45":{"start":{"line":88,"column":20},"end":{"line":88,"column":56}},"46":{"start":{"line":89,"column":20},"end":{"line":89,"column":27}},"47":{"start":{"line":92,"column":16},"end":{"line":92,"column":51}},"48":{"start":{"line":101,"column":4},"end":{"line":125,"column":null}},"49":{"start":{"line":103,"column":8},"end":{"line":123,"column":11}},"50":{"start":{"line":105,"column":12},"end":{"line":108,"column":null}},"51":{"start":{"line":106,"column":16},"end":{"line":106,"column":46}},"52":{"start":{"line":107,"column":16},"end":{"line":107,"column":23}},"53":{"start":{"line":110,"column":12},"end":{"line":121,"column":20}},"54":{"start":{"line":112,"column":26},"end":{"line":112,"column":113}},"55":{"start":{"line":112,"column":53},"end":{"line":112,"column":98}},"56":{"start":{"line":114,"column":16},"end":{"line":117,"column":null}},"57":{"start":{"line":115,"column":20},"end":{"line":115,"column":54}},"58":{"start":{"line":116,"column":20},"end":{"line":116,"column":27}},"59":{"start":{"line":119,"column":16},"end":{"line":119,"column":30}},"60":{"start":{"line":127,"column":4},"end":{"line":163,"column":null}},"61":{"start":{"line":129,"column":8},"end":{"line":159,"column":11}},"62":{"start":{"line":131,"column":12},"end":{"line":134,"column":null}},"63":{"start":{"line":132,"column":16},"end":{"line":132,"column":46}},"64":{"start":{"line":133,"column":16},"end":{"line":133,"column":23}},"65":{"start":{"line":136,"column":12},"end":{"line":157,"column":15}},"66":{"start":{"line":138,"column":31},"end":{"line":138,"column":91}},"67":{"start":{"line":138,"column":51},"end":{"line":138,"column":85}},"68":{"start":{"line":140,"column":16},"end":{"line":143,"column":null}},"69":{"start":{"line":141,"column":20},"end":{"line":141,"column":59}},"70":{"start":{"line":142,"column":20},"end":{"line":142,"column":27}},"71":{"start":{"line":145,"column":16},"end":{"line":145,"column":82}},"72":{"start":{"line":145,"column":47},"end":{"line":145,"column":75}},"73":{"start":{"line":147,"column":16},"end":{"line":150,"column":null}},"74":{"start":{"line":148,"column":20},"end":{"line":148,"column":59}},"75":{"start":{"line":149,"column":20},"end":{"line":149,"column":27}},"76":{"start":{"line":152,"column":16},"end":{"line":152,"column":47}},"77":{"start":{"line":153,"column":16},"end":{"line":153,"column":35}},"78":{"start":{"line":155,"column":16},"end":{"line":155,"column":33}},"79":{"start":{"line":165,"column":4},"end":{"line":205,"column":null}},"80":{"start":{"line":167,"column":8},"end":{"line":203,"column":11}},"81":{"start":{"line":169,"column":12},"end":{"line":172,"column":null}},"82":{"start":{"line":170,"column":16},"end":{"line":170,"column":46}},"83":{"start":{"line":171,"column":16},"end":{"line":171,"column":23}},"84":{"start":{"line":174,"column":12},"end":{"line":201,"column":20}},"85":{"start":{"line":176,"column":36},"end":{"line":176,"column":81}},"86":{"start":{"line":176,"column":54},"end":{"line":176,"column":81}},"87":{"start":{"line":178,"column":16},"end":{"line":181,"column":null}},"88":{"start":{"line":179,"column":20},"end":{"line":179,"column":56}},"89":{"start":{"line":180,"column":20},"end":{"line":180,"column":27}},"90":{"start":{"line":183,"column":16},"end":{"line":186,"column":null}},"91":{"start":{"line":184,"column":20},"end":{"line":184,"column":59}},"92":{"start":{"line":185,"column":20},"end":{"line":185,"column":27}},"93":{"start":{"line":188,"column":33},"end":{"line":191,"column":24}},"94":{"start":{"line":189,"column":20},"end":{"line":189,"column":64}},"95":{"start":{"line":189,"column":51},"end":{"line":189,"column":64}},"96":{"start":{"line":190,"column":20},"end":{"line":190,"column":59}},"97":{"start":{"line":193,"column":16},"end":{"line":196,"column":null}},"98":{"start":{"line":194,"column":20},"end":{"line":194,"column":59}},"99":{"start":{"line":195,"column":20},"end":{"line":195,"column":27}},"100":{"start":{"line":198,"column":16},"end":{"line":198,"column":44}},"101":{"start":{"line":199,"column":16},"end":{"line":199,"column":30}},"102":{"start":{"line":207,"column":4},"end":{"line":222,"column":null}},"103":{"start":{"line":209,"column":8},"end":{"line":220,"column":11}},"104":{"start":{"line":211,"column":12},"end":{"line":214,"column":null}},"105":{"start":{"line":212,"column":16},"end":{"line":212,"column":46}},"106":{"start":{"line":213,"column":16},"end":{"line":213,"column":23}},"107":{"start":{"line":216,"column":12},"end":{"line":218,"column":15}},"108":{"start":{"line":217,"column":16},"end":{"line":217,"column":50}},"109":{"start":{"line":224,"column":0},"end":{"line":224,"column":null}},"110":{"start":{"line":8,"column":13},"end":{"line":8,"column":27}}},"fnMap":{"0":{"name":"(anonymous_3)","decl":{"start":{"line":8,"column":0},"end":{"line":8,"column":13}},"loc":{"start":{"line":8,"column":0},"end":{"line":224,"column":null}}},"1":{"name":"UserRepository","decl":{"start":{"line":12,"column":4},"end":{"line":12,"column":27}},"loc":{"start":{"line":12,"column":4},"end":{"line":12,"column":28}}},"2":{"name":"(anonymous_5)","decl":{"start":{"line":14,"column":4},"end":{"line":14,"column":11}},"loc":{"start":{"line":14,"column":4},"end":{"line":16,"column":5}}},"3":{"name":"(anonymous_6)","decl":{"start":{"line":18,"column":4},"end":{"line":18,"column":10}},"loc":{"start":{"line":18,"column":4},"end":{"line":37,"column":5}}},"4":{"name":"(anonymous_7)","decl":{"start":{"line":20,"column":35},"end":{"line":20,"column":36}},"loc":{"start":{"line":20,"column":50},"end":{"line":35,"column":9}}},"5":{"name":"(anonymous_8)","decl":{"start":{"line":39,"column":4},"end":{"line":39,"column":12}},"loc":{"start":{"line":39,"column":37},"end":{"line":45,"column":5}}},"6":{"name":"(anonymous_9)","decl":{"start":{"line":47,"column":4},"end":{"line":47,"column":11}},"loc":{"start":{"line":47,"column":22},"end":{"line":72,"column":5}}},"7":{"name":"(anonymous_10)","decl":{"start":{"line":49,"column":33},"end":{"line":49,"column":34}},"loc":{"start":{"line":49,"column":48},"end":{"line":70,"column":9}}},"8":{"name":"(anonymous_11)","decl":{"start":{"line":56,"column":23},"end":{"line":56,"column":null}},"loc":{"start":{"line":56,"column":23},"end":{"line":67,"column":13}}},"9":{"name":"(anonymous_12)","decl":{"start":{"line":58,"column":52},"end":{"line":58,"column":56}},"loc":{"start":{"line":58,"column":56},"end":{"line":58,"column":64}}},"10":{"name":"(anonymous_13)","decl":{"start":{"line":74,"column":4},"end":{"line":74,"column":21}},"loc":{"start":{"line":74,"column":33},"end":{"line":99,"column":5}}},"11":{"name":"(anonymous_14)","decl":{"start":{"line":76,"column":33},"end":{"line":76,"column":34}},"loc":{"start":{"line":76,"column":49},"end":{"line":96,"column":9}}},"12":{"name":"(anonymous_15)","decl":{"start":{"line":83,"column":23},"end":{"line":83,"column":null}},"loc":{"start":{"line":83,"column":23},"end":{"line":94,"column":13}}},"13":{"name":"(anonymous_16)","decl":{"start":{"line":85,"column":45},"end":{"line":85,"column":49}},"loc":{"start":{"line":85,"column":49},"end":{"line":85,"column":57}}},"14":{"name":"(anonymous_17)","decl":{"start":{"line":101,"column":4},"end":{"line":101,"column":24}},"loc":{"start":{"line":101,"column":47},"end":{"line":125,"column":5}}},"15":{"name":"(anonymous_18)","decl":{"start":{"line":103,"column":33},"end":{"line":103,"column":34}},"loc":{"start":{"line":103,"column":49},"end":{"line":123,"column":9}}},"16":{"name":"(anonymous_19)","decl":{"start":{"line":110,"column":23},"end":{"line":110,"column":null}},"loc":{"start":{"line":110,"column":23},"end":{"line":121,"column":13}}},"17":{"name":"(anonymous_20)","decl":{"start":{"line":112,"column":45},"end":{"line":112,"column":49}},"loc":{"start":{"line":112,"column":49},"end":{"line":112,"column":57}}},"18":{"name":"(anonymous_21)","decl":{"start":{"line":127,"column":4},"end":{"line":127,"column":8}},"loc":{"start":{"line":127,"column":22},"end":{"line":163,"column":5}}},"19":{"name":"(anonymous_22)","decl":{"start":{"line":129,"column":34},"end":{"line":129,"column":35}},"loc":{"start":{"line":129,"column":49},"end":{"line":159,"column":9}}},"20":{"name":"(anonymous_23)","decl":{"start":{"line":136,"column":23},"end":{"line":136,"column":null}},"loc":{"start":{"line":136,"column":23},"end":{"line":157,"column":13}}},"21":{"name":"(anonymous_24)","decl":{"start":{"line":138,"column":43},"end":{"line":138,"column":47}},"loc":{"start":{"line":138,"column":47},"end":{"line":138,"column":55}}},"22":{"name":"(anonymous_25)","decl":{"start":{"line":145,"column":39},"end":{"line":145,"column":43}},"loc":{"start":{"line":145,"column":43},"end":{"line":145,"column":51}}},"23":{"name":"(anonymous_26)","decl":{"start":{"line":165,"column":4},"end":{"line":165,"column":10}},"loc":{"start":{"line":165,"column":28},"end":{"line":205,"column":5}}},"24":{"name":"(anonymous_27)","decl":{"start":{"line":167,"column":37},"end":{"line":167,"column":38}},"loc":{"start":{"line":167,"column":52},"end":{"line":203,"column":9}}},"25":{"name":"(anonymous_28)","decl":{"start":{"line":174,"column":23},"end":{"line":174,"column":null}},"loc":{"start":{"line":174,"column":23},"end":{"line":201,"column":13}}},"26":{"name":"(anonymous_29)","decl":{"start":{"line":176,"column":46},"end":{"line":176,"column":50}},"loc":{"start":{"line":176,"column":50},"end":{"line":176,"column":58}}},"27":{"name":"(anonymous_30)","decl":{"start":{"line":188,"column":45},"end":{"line":188,"column":49}},"loc":{"start":{"line":188,"column":49},"end":{"line":191,"column":17}}},"28":{"name":"(anonymous_31)","decl":{"start":{"line":207,"column":4},"end":{"line":207,"column":14}},"loc":{"start":{"line":207,"column":25},"end":{"line":222,"column":5}}},"29":{"name":"(anonymous_32)","decl":{"start":{"line":209,"column":36},"end":{"line":209,"column":37}},"loc":{"start":{"line":209,"column":52},"end":{"line":220,"column":9}}},"30":{"name":"(anonymous_33)","decl":{"start":{"line":216,"column":40},"end":{"line":216,"column":41}},"loc":{"start":{"line":216,"column":55},"end":{"line":218,"column":13}}}},"branchMap":{"0":{"loc":{"start":{"line":15,"column":42},"end":{"line":15,"column":88}},"type":"cond-expr","locations":[{"start":{"line":15,"column":42},"end":{"line":15,"column":88}},{"start":{"line":15,"column":91},"end":{"line":15,"column":114}}]},"1":{"loc":{"start":{"line":28,"column":12},"end":{"line":31,"column":null}},"type":"if","locations":[{"start":{"line":28,"column":12},"end":{"line":31,"column":null}},{"start":{"line":28,"column":12},"end":{"line":31,"column":null}}]},"2":{"loc":{"start":{"line":51,"column":12},"end":{"line":54,"column":null}},"type":"if","locations":[{"start":{"line":51,"column":12},"end":{"line":54,"column":null}},{"start":{"line":51,"column":12},"end":{"line":54,"column":null}}]},"3":{"loc":{"start":{"line":60,"column":16},"end":{"line":63,"column":null}},"type":"if","locations":[{"start":{"line":60,"column":16},"end":{"line":63,"column":null}},{"start":{"line":60,"column":16},"end":{"line":63,"column":null}}]},"4":{"loc":{"start":{"line":78,"column":12},"end":{"line":81,"column":null}},"type":"if","locations":[{"start":{"line":78,"column":12},"end":{"line":81,"column":null}},{"start":{"line":78,"column":12},"end":{"line":81,"column":null}}]},"5":{"loc":{"start":{"line":87,"column":16},"end":{"line":90,"column":null}},"type":"if","locations":[{"start":{"line":87,"column":16},"end":{"line":90,"column":null}},{"start":{"line":87,"column":16},"end":{"line":90,"column":null}}]},"6":{"loc":{"start":{"line":105,"column":12},"end":{"line":108,"column":null}},"type":"if","locations":[{"start":{"line":105,"column":12},"end":{"line":108,"column":null}},{"start":{"line":105,"column":12},"end":{"line":108,"column":null}}]},"7":{"loc":{"start":{"line":112,"column":53},"end":{"line":112,"column":73}},"type":"binary-expr","locations":[{"start":{"line":112,"column":53},"end":{"line":112,"column":73}},{"start":{"line":112,"column":77},"end":{"line":112,"column":97}}]},"8":{"loc":{"start":{"line":114,"column":16},"end":{"line":117,"column":null}},"type":"if","locations":[{"start":{"line":114,"column":16},"end":{"line":117,"column":null}},{"start":{"line":114,"column":16},"end":{"line":117,"column":null}}]},"9":{"loc":{"start":{"line":131,"column":12},"end":{"line":134,"column":null}},"type":"if","locations":[{"start":{"line":131,"column":12},"end":{"line":134,"column":null}},{"start":{"line":131,"column":12},"end":{"line":134,"column":null}}]},"10":{"loc":{"start":{"line":140,"column":16},"end":{"line":143,"column":null}},"type":"if","locations":[{"start":{"line":140,"column":16},"end":{"line":143,"column":null}},{"start":{"line":140,"column":16},"end":{"line":143,"column":null}}]},"11":{"loc":{"start":{"line":147,"column":16},"end":{"line":150,"column":null}},"type":"if","locations":[{"start":{"line":147,"column":16},"end":{"line":150,"column":null}},{"start":{"line":147,"column":16},"end":{"line":150,"column":null}}]},"12":{"loc":{"start":{"line":169,"column":12},"end":{"line":172,"column":null}},"type":"if","locations":[{"start":{"line":169,"column":12},"end":{"line":172,"column":null}},{"start":{"line":169,"column":12},"end":{"line":172,"column":null}}]},"13":{"loc":{"start":{"line":169,"column":16},"end":{"line":169,"column":58}},"type":"binary-expr","locations":[{"start":{"line":169,"column":16},"end":{"line":169,"column":58}},{"start":{"line":169,"column":62},"end":{"line":169,"column":98}}]},"14":{"loc":{"start":{"line":178,"column":16},"end":{"line":181,"column":null}},"type":"if","locations":[{"start":{"line":178,"column":16},"end":{"line":181,"column":null}},{"start":{"line":178,"column":16},"end":{"line":181,"column":null}}]},"15":{"loc":{"start":{"line":183,"column":16},"end":{"line":186,"column":null}},"type":"if","locations":[{"start":{"line":183,"column":16},"end":{"line":186,"column":null}},{"start":{"line":183,"column":16},"end":{"line":186,"column":null}}]},"16":{"loc":{"start":{"line":189,"column":20},"end":{"line":189,"column":64}},"type":"if","locations":[{"start":{"line":189,"column":20},"end":{"line":189,"column":64}},{"start":{"line":189,"column":20},"end":{"line":189,"column":64}}]},"17":{"loc":{"start":{"line":193,"column":16},"end":{"line":196,"column":null}},"type":"if","locations":[{"start":{"line":193,"column":16},"end":{"line":196,"column":null}},{"start":{"line":193,"column":16},"end":{"line":196,"column":null}}]},"18":{"loc":{"start":{"line":211,"column":12},"end":{"line":214,"column":null}},"type":"if","locations":[{"start":{"line":211,"column":12},"end":{"line":214,"column":null}},{"start":{"line":211,"column":12},"end":{"line":214,"column":null}}]}},"s":{"0":1,"1":1,"2":1,"3":1,"4":1,"5":10,"6":1,"7":1,"8":1,"9":1,"10":1,"11":2,"12":5,"13":5,"14":1,"15":0,"16":0,"17":1,"18":1,"19":7,"20":7,"21":7,"22":1,"23":2,"24":2,"25":2,"26":1,"27":1,"28":1,"29":1,"30":5,"31":1,"32":0,"33":0,"34":1,"35":1,"36":3,"37":3,"38":3,"39":1,"40":1,"41":2,"42":2,"43":10,"44":2,"45":1,"46":1,"47":1,"48":1,"49":1,"50":1,"51":0,"52":0,"53":1,"54":1,"55":5,"56":1,"57":0,"58":0,"59":1,"60":1,"61":1,"62":1,"63":1,"64":1,"65":0,"66":0,"67":0,"68":0,"69":0,"70":0,"71":0,"72":0,"73":0,"74":0,"75":0,"76":0,"77":0,"78":0,"79":1,"80":0,"81":0,"82":0,"83":0,"84":0,"85":0,"86":0,"87":0,"88":0,"89":0,"90":0,"91":0,"92":0,"93":0,"94":0,"95":0,"96":0,"97":0,"98":0,"99":0,"100":0,"101":0,"102":1,"103":0,"104":0,"105":0,"106":0,"107":0,"108":0,"109":1,"110":1},"f":{"0":1,"1":1,"2":10,"3":1,"4":1,"5":7,"6":2,"7":2,"8":1,"9":5,"10":3,"11":3,"12":2,"13":10,"14":1,"15":1,"16":1,"17":5,"18":1,"19":1,"20":0,"21":0,"22":0,"23":0,"24":0,"25":0,"26":0,"27":0,"28":0,"29":0,"30":0},"b":{"0":[1,9],"1":[0,1],"2":[1,1],"3":[0,1],"4":[1,2],"5":[1,1],"6":[0,1],"7":[5,1],"8":[0,1],"9":[1,0],"10":[0,0],"11":[0,0],"12":[0,0],"13":[0,0],"14":[0,0],"15":[0,0],"16":[0,0],"17":[0,0],"18":[0,0]}}
,"C:\\Users\\wagen\\200406-java-react-usf\\revaboards\\src\\util\\validator.ts": {"path":"C:\\Users\\wagen\\200406-java-react-usf\\revaboards\\src\\util\\validator.ts","statementMap":{"0":{"start":{"line":4,"column":18},"end":{"line":8,"column":1}},"1":{"start":{"line":6,"column":4},"end":{"line":6,"column":76}},"2":{"start":{"line":10,"column":22},"end":{"line":20,"column":1}},"3":{"start":{"line":10,"column":23},"end":{"line":10,"column":40}},"4":{"start":{"line":12,"column":4},"end":{"line":16,"column":null}},"5":{"start":{"line":12,"column":20},"end":{"line":12,"column":24}},"6":{"start":{"line":12,"column":16},"end":{"line":12,"column":20}},"7":{"start":{"line":13,"column":8},"end":{"line":15,"column":null}},"8":{"start":{"line":14,"column":12},"end":{"line":14,"column":25}},"9":{"start":{"line":18,"column":4},"end":{"line":18,"column":16}},"10":{"start":{"line":22,"column":22},"end":{"line":32,"column":1}},"11":{"start":{"line":22,"column":36},"end":{"line":22,"column":62}},"12":{"start":{"line":24,"column":4},"end":{"line":30,"column":7}},"13":{"start":{"line":26,"column":8},"end":{"line":28,"column":null}},"14":{"start":{"line":27,"column":12},"end":{"line":27,"column":24}},"15":{"start":{"line":29,"column":8},"end":{"line":29,"column":24}},"16":{"start":{"line":34,"column":0},"end":{"line":38,"column":null}}},"fnMap":{"0":{"name":"(anonymous_0)","decl":{"start":{"line":4,"column":18},"end":{"line":4,"column":19}},"loc":{"start":{"line":4,"column":29},"end":{"line":8,"column":1}}},"1":{"name":"(anonymous_1)","decl":{"start":{"line":10,"column":22},"end":{"line":10,"column":23}},"loc":{"start":{"line":10,"column":22},"end":{"line":20,"column":1}}},"2":{"name":"(anonymous_2)","decl":{"start":{"line":22,"column":22},"end":{"line":22,"column":23}},"loc":{"start":{"line":22,"column":34},"end":{"line":32,"column":1}}},"3":{"name":"(anonymous_3)","decl":{"start":{"line":24,"column":41},"end":{"line":24,"column":44}},"loc":{"start":{"line":24,"column":44},"end":{"line":30,"column":5}}}},"branchMap":{"0":{"loc":{"start":{"line":6,"column":12},"end":{"line":6,"column":14}},"type":"binary-expr","locations":[{"start":{"line":6,"column":12},"end":{"line":6,"column":14}},{"start":{"line":6,"column":18},"end":{"line":6,"column":40}},{"start":{"line":6,"column":44},"end":{"line":6,"column":64}},{"start":{"line":6,"column":68},"end":{"line":6,"column":74}}]},"1":{"loc":{"start":{"line":13,"column":8},"end":{"line":15,"column":null}},"type":"if","locations":[{"start":{"line":13,"column":8},"end":{"line":15,"column":null}},{"start":{"line":13,"column":8},"end":{"line":15,"column":null}}]},"2":{"loc":{"start":{"line":13,"column":11},"end":{"line":13,"column":15}},"type":"binary-expr","locations":[{"start":{"line":13,"column":11},"end":{"line":13,"column":15}},{"start":{"line":13,"column":19},"end":{"line":13,"column":42}}]},"3":{"loc":{"start":{"line":24,"column":11},"end":{"line":24,"column":14}},"type":"binary-expr","locations":[{"start":{"line":24,"column":11},"end":{"line":24,"column":14}},{"start":{"line":24,"column":18},"end":{"line":30,"column":6}}]},"4":{"loc":{"start":{"line":26,"column":8},"end":{"line":28,"column":null}},"type":"if","locations":[{"start":{"line":26,"column":8},"end":{"line":28,"column":null}},{"start":{"line":26,"column":8},"end":{"line":28,"column":null}}]}},"s":{"0":1,"1":2,"2":1,"3":13,"4":4,"5":8,"6":5,"7":5,"8":1,"9":3,"10":1,"11":3,"12":1,"13":2,"14":1,"15":1,"16":1},"f":{"0":2,"1":4,"2":1,"3":2},"b":{"0":[2,2,2,2],"1":[1,4],"2":[5,4],"3":[1,1],"4":[1,1]}}
}
