TN:
SF:src\data\user-db.ts
FNF:0
FNH:0
DA:1,1
DA:3,1
DA:5,1
LF:3
LH:3
BRF:0
BRH:0
end_of_record
TN:
SF:src\errors\errors.ts
FN:1,(anonymous_6)
FN:6,ApplicationError
FN:13,(anonymous_8)
FN:19,(anonymous_9)
FN:21,ResourcePersistenceError
FN:28,(anonymous_11)
FN:30,ResourceNotFoundError
FN:37,(anonymous_13)
FN:39,BadRequestError
FN:46,(anonymous_15)
FN:48,AuthenticationError
FN:55,(anonymous_17)
FN:57,NotImplementedError
FNF:13
FNH:6
FNDA:1,(anonymous_6)
FNDA:0,ApplicationError
FNDA:0,(anonymous_8)
FNDA:1,(anonymous_9)
FNDA:0,ResourcePersistenceError
FNDA:1,(anonymous_11)
FNDA:0,ResourceNotFoundError
FNDA:1,(anonymous_13)
FNDA:0,BadRequestError
FNDA:1,(anonymous_15)
FNDA:0,AuthenticationError
FNDA:1,(anonymous_17)
FNDA:0,NotImplementedError
DA:1,1
DA:8,0
DA:9,0
DA:13,1
DA:14,0
DA:17,1
DA:19,1
DA:22,0
DA:23,0
DA:26,1
DA:28,1
DA:31,0
DA:32,0
DA:35,1
DA:37,1
DA:40,0
DA:41,0
DA:44,1
DA:46,1
DA:49,0
DA:50,0
DA:53,1
DA:55,1
DA:58,0
DA:59,0
DA:62,1
DA:65,1
DA:66,1
DA:67,1
DA:68,1
DA:69,1
LF:31
LH:18
BRDA:9,0,0,0
BRDA:9,0,1,0
BRDA:22,1,0,0
BRDA:22,1,1,0
BRDA:31,2,0,0
BRDA:31,2,1,0
BRDA:40,3,0,0
BRDA:40,3,1,0
BRDA:49,4,0,0
BRDA:49,4,1,0
BRDA:58,5,0,0
BRDA:58,5,1,0
BRF:12
BRH:0
end_of_record
TN:
SF:src\models\user.ts
FN:1,(anonymous_0)
FN:12,User
FNF:2
FNH:2
FNDA:1,(anonymous_0)
FNDA:5,User
DA:1,1
DA:13,5
DA:14,5
DA:15,5
DA:16,5
DA:17,5
DA:18,5
DA:19,5
DA:20,5
DA:28,1
LF:10
LH:10
BRF:0
BRH:0
end_of_record
TN:
SF:src\repos\user-repo.ts
FN:7,(anonymous_3)
FN:11,UserRepository
FN:13,(anonymous_5)
FN:17,(anonymous_6)
FN:19,(anonymous_7)
FN:38,(anonymous_8)
FN:46,(anonymous_9)
FN:48,(anonymous_10)
FN:55,(anonymous_11)
FN:57,(anonymous_12)
FN:73,(anonymous_13)
FN:75,(anonymous_14)
FN:82,(anonymous_15)
FN:84,(anonymous_16)
FN:100,(anonymous_17)
FN:102,(anonymous_18)
FN:109,(anonymous_19)
FN:111,(anonymous_20)
FN:126,(anonymous_21)
FN:128,(anonymous_22)
FN:135,(anonymous_23)
FN:145,(anonymous_24)
FN:147,(anonymous_25)
FN:154,(anonymous_26)
FN:174,(anonymous_27)
FN:176,(anonymous_28)
FN:188,(anonymous_29)
FN:195,(anonymous_30)
FN:197,(anonymous_31)
FN:209,(anonymous_32)
FN:228,(anonymous_33)
FN:230,(anonymous_34)
FN:232,(anonymous_35)
FNF:33
FNH:3
FNDA:1,(anonymous_3)
FNDA:1,UserRepository
FNDA:2,(anonymous_5)
FNDA:0,(anonymous_6)
FNDA:0,(anonymous_7)
FNDA:0,(anonymous_8)
FNDA:0,(anonymous_9)
FNDA:0,(anonymous_10)
FNDA:0,(anonymous_11)
FNDA:0,(anonymous_12)
FNDA:0,(anonymous_13)
FNDA:0,(anonymous_14)
FNDA:0,(anonymous_15)
FNDA:0,(anonymous_16)
FNDA:0,(anonymous_17)
FNDA:0,(anonymous_18)
FNDA:0,(anonymous_19)
FNDA:0,(anonymous_20)
FNDA:0,(anonymous_21)
FNDA:0,(anonymous_22)
FNDA:0,(anonymous_23)
FNDA:0,(anonymous_24)
FNDA:0,(anonymous_25)
FNDA:0,(anonymous_26)
FNDA:0,(anonymous_27)
FNDA:0,(anonymous_28)
FNDA:0,(anonymous_29)
FNDA:0,(anonymous_30)
FNDA:0,(anonymous_31)
FNDA:0,(anonymous_32)
FNDA:0,(anonymous_33)
FNDA:0,(anonymous_34)
FNDA:0,(anonymous_35)
DA:1,1
DA:2,1
DA:7,1
DA:13,1
DA:14,2
DA:17,1
DA:19,0
DA:21,0
DA:23,0
DA:24,0
DA:27,0
DA:28,0
DA:29,0
DA:32,0
DA:38,1
DA:40,0
DA:41,0
DA:42,0
DA:46,1
DA:48,0
DA:50,0
DA:51,0
DA:52,0
DA:55,0
DA:57,0
DA:59,0
DA:60,0
DA:61,0
DA:64,0
DA:73,1
DA:75,0
DA:77,0
DA:78,0
DA:79,0
DA:82,0
DA:84,0
DA:86,0
DA:87,0
DA:88,0
DA:91,0
DA:100,1
DA:102,0
DA:104,0
DA:105,0
DA:106,0
DA:109,0
DA:111,0
DA:113,0
DA:114,0
DA:115,0
DA:118,0
DA:126,1
DA:128,0
DA:130,0
DA:131,0
DA:132,0
DA:135,0
DA:136,0
DA:137,0
DA:140,0
DA:141,0
DA:142,0
DA:145,0
DA:147,0
DA:149,0
DA:150,0
DA:151,0
DA:154,0
DA:156,0
DA:157,0
DA:158,0
DA:161,0
DA:162,0
DA:164,0
DA:174,1
DA:176,0
DA:178,0
DA:179,0
DA:180,0
DA:183,0
DA:184,0
DA:185,0
DA:188,0
DA:190,0
DA:191,0
DA:192,0
DA:195,0
DA:197,0
DA:199,0
DA:200,0
DA:201,0
DA:204,0
DA:205,0
DA:206,0
DA:209,0
DA:210,0
DA:211,0
DA:214,0
DA:215,0
DA:216,0
DA:219,0
DA:220,0
DA:228,1
DA:230,0
DA:232,0
DA:233,0
DA:240,1
LF:107
LH:14
BRDA:14,0,0,1
BRDA:14,0,1,1
BRDA:27,1,0,0
BRDA:27,1,1,0
BRDA:50,2,0,0
BRDA:50,2,1,0
BRDA:50,3,0,0
BRDA:50,3,1,0
BRDA:50,3,2,0
BRDA:59,4,0,0
BRDA:59,4,1,0
BRDA:77,5,0,0
BRDA:77,5,1,0
BRDA:77,6,0,0
BRDA:77,6,1,0
BRDA:86,7,0,0
BRDA:86,7,1,0
BRDA:104,8,0,0
BRDA:104,8,1,0
BRDA:104,9,0,0
BRDA:104,9,1,0
BRDA:104,9,2,0
BRDA:104,9,3,0
BRDA:111,10,0,0
BRDA:111,10,1,0
BRDA:113,11,0,0
BRDA:113,11,1,0
BRDA:130,12,0,0
BRDA:130,12,1,0
BRDA:136,13,0,0
BRDA:136,13,1,0
BRDA:140,14,0,0
BRDA:140,14,1,0
BRDA:149,15,0,0
BRDA:149,15,1,0
BRDA:156,16,0,0
BRDA:156,16,1,0
BRDA:178,17,0,0
BRDA:178,17,1,0
BRDA:183,18,0,0
BRDA:183,18,1,0
BRDA:190,19,0,0
BRDA:190,19,1,0
BRDA:199,20,0,0
BRDA:199,20,1,0
BRDA:204,21,0,0
BRDA:204,21,1,0
BRDA:210,22,0,0
BRDA:210,22,1,0
BRDA:214,23,0,0
BRDA:214,23,1,0
BRF:51
BRH:2
end_of_record
