TN:
SF:src\data\user-db.ts
FNF:0
FNH:0
DA:1,1
DA:3,1
DA:5,1
LF:3
LH:3
BRF:0
BRH:0
end_of_record
TN:
SF:src\errors\errors.ts
FN:1,(anonymous_6)
FN:6,ApplicationError
FN:13,(anonymous_8)
FN:19,(anonymous_9)
FN:21,ResourcePersistenceError
FN:28,(anonymous_11)
FN:30,ResourceNotFoundError
FN:37,(anonymous_13)
FN:39,BadRequestError
FN:46,(anonymous_15)
FN:48,AuthenticationError
FN:55,(anonymous_17)
FN:57,NotImplementedError
FNF:13
FNH:10
FNDA:1,(anonymous_6)
FNDA:4,ApplicationError
FNDA:4,(anonymous_8)
FNDA:1,(anonymous_9)
FNDA:0,ResourcePersistenceError
FNDA:1,(anonymous_11)
FNDA:1,ResourceNotFoundError
FNDA:1,(anonymous_13)
FNDA:3,BadRequestError
FNDA:1,(anonymous_15)
FNDA:0,AuthenticationError
FNDA:1,(anonymous_17)
FNDA:0,NotImplementedError
DA:1,1
DA:8,4
DA:9,4
DA:13,1
DA:14,4
DA:17,1
DA:19,1
DA:22,0
DA:23,0
DA:26,1
DA:28,1
DA:31,1
DA:32,1
DA:35,1
DA:37,1
DA:40,3
DA:41,3
DA:44,1
DA:46,1
DA:49,0
DA:50,0
DA:53,1
DA:55,1
DA:58,0
DA:59,0
DA:62,1
DA:65,1
DA:66,1
DA:67,1
DA:68,1
DA:69,1
LF:31
LH:25
BRDA:9,0,0,0
BRDA:9,0,1,4
BRDA:22,1,0,0
BRDA:22,1,1,0
BRDA:31,2,0,1
BRDA:31,2,1,1
BRDA:40,3,0,3
BRDA:40,3,1,3
BRDA:49,4,0,0
BRDA:49,4,1,0
BRDA:58,5,0,0
BRDA:58,5,1,0
BRF:12
BRH:5
end_of_record
TN:
SF:src\models\user.ts
FN:1,(anonymous_0)
FN:12,User
FNF:2
FNH:2
FNDA:1,(anonymous_0)
FNDA:6,User
DA:1,1
DA:13,6
DA:14,6
DA:15,6
DA:16,6
DA:17,6
DA:18,6
DA:19,6
DA:28,1
LF:9
LH:9
BRF:0
BRH:0
end_of_record
TN:
SF:src\repos\user-repo.ts
FN:8,(anonymous_3)
FN:12,UserRepository
FN:14,(anonymous_5)
FN:18,(anonymous_6)
FN:20,(anonymous_7)
FN:39,(anonymous_8)
FN:47,(anonymous_9)
FN:49,(anonymous_10)
FN:56,(anonymous_11)
FN:58,(anonymous_12)
FN:74,(anonymous_13)
FN:76,(anonymous_14)
FN:83,(anonymous_15)
FN:85,(anonymous_16)
FN:101,(anonymous_17)
FN:103,(anonymous_18)
FN:110,(anonymous_19)
FN:112,(anonymous_20)
FN:127,(anonymous_21)
FN:129,(anonymous_22)
FN:136,(anonymous_23)
FN:138,(anonymous_24)
FN:145,(anonymous_25)
FN:165,(anonymous_26)
FN:167,(anonymous_27)
FN:174,(anonymous_28)
FN:176,(anonymous_29)
FN:188,(anonymous_30)
FN:207,(anonymous_31)
FN:209,(anonymous_32)
FN:216,(anonymous_33)
FNF:31
FNH:20
FNDA:1,(anonymous_3)
FNDA:1,UserRepository
FNDA:10,(anonymous_5)
FNDA:1,(anonymous_6)
FNDA:1,(anonymous_7)
FNDA:7,(anonymous_8)
FNDA:2,(anonymous_9)
FNDA:2,(anonymous_10)
FNDA:1,(anonymous_11)
FNDA:5,(anonymous_12)
FNDA:3,(anonymous_13)
FNDA:3,(anonymous_14)
FNDA:2,(anonymous_15)
FNDA:10,(anonymous_16)
FNDA:1,(anonymous_17)
FNDA:1,(anonymous_18)
FNDA:1,(anonymous_19)
FNDA:5,(anonymous_20)
FNDA:1,(anonymous_21)
FNDA:1,(anonymous_22)
FNDA:0,(anonymous_23)
FNDA:0,(anonymous_24)
FNDA:0,(anonymous_25)
FNDA:0,(anonymous_26)
FNDA:0,(anonymous_27)
FNDA:0,(anonymous_28)
FNDA:0,(anonymous_29)
FNDA:0,(anonymous_30)
FNDA:0,(anonymous_31)
FNDA:0,(anonymous_32)
FNDA:0,(anonymous_33)
DA:1,1
DA:2,1
DA:5,1
DA:8,1
DA:14,1
DA:15,10
DA:18,1
DA:20,1
DA:22,1
DA:24,5
DA:25,5
DA:28,1
DA:29,0
DA:30,0
DA:33,1
DA:39,1
DA:41,7
DA:42,7
DA:43,7
DA:47,2
DA:49,2
DA:51,2
DA:52,1
DA:53,1
DA:56,1
DA:58,5
DA:60,1
DA:61,0
DA:62,0
DA:65,1
DA:74,3
DA:76,3
DA:78,3
DA:79,1
DA:80,1
DA:83,2
DA:85,10
DA:87,2
DA:88,1
DA:89,1
DA:92,1
DA:101,1
DA:103,1
DA:105,1
DA:106,0
DA:107,0
DA:110,1
DA:112,5
DA:114,1
DA:115,0
DA:116,0
DA:119,1
DA:127,1
DA:129,1
DA:131,1
DA:132,1
DA:133,1
DA:136,0
DA:138,0
DA:140,0
DA:141,0
DA:142,0
DA:145,0
DA:147,0
DA:148,0
DA:149,0
DA:152,0
DA:153,0
DA:155,0
DA:165,1
DA:167,0
DA:169,0
DA:170,0
DA:171,0
DA:174,0
DA:176,0
DA:178,0
DA:179,0
DA:180,0
DA:183,0
DA:184,0
DA:185,0
DA:188,0
DA:189,0
DA:190,0
DA:193,0
DA:194,0
DA:195,0
DA:198,0
DA:199,0
DA:207,1
DA:209,0
DA:211,0
DA:212,0
DA:213,0
DA:216,0
DA:217,0
DA:224,1
LF:98
LH:52
BRDA:15,0,0,1
BRDA:15,0,1,9
BRDA:28,1,0,0
BRDA:28,1,1,1
BRDA:51,2,0,1
BRDA:51,2,1,1
BRDA:60,3,0,0
BRDA:60,3,1,1
BRDA:78,4,0,1
BRDA:78,4,1,2
BRDA:87,5,0,1
BRDA:87,5,1,1
BRDA:105,6,0,0
BRDA:105,6,1,1
BRDA:112,7,0,5
BRDA:112,7,1,1
BRDA:114,8,0,0
BRDA:114,8,1,1
BRDA:131,9,0,1
BRDA:131,9,1,0
BRDA:140,10,0,0
BRDA:140,10,1,0
BRDA:147,11,0,0
BRDA:147,11,1,0
BRDA:169,12,0,0
BRDA:169,12,1,0
BRDA:169,13,0,0
BRDA:169,13,1,0
BRDA:178,14,0,0
BRDA:178,14,1,0
BRDA:183,15,0,0
BRDA:183,15,1,0
BRDA:189,16,0,0
BRDA:189,16,1,0
BRDA:193,17,0,0
BRDA:193,17,1,0
BRDA:211,18,0,0
BRDA:211,18,1,0
BRF:38
BRH:15
end_of_record
TN:
SF:src\util\validator.ts
FN:4,(anonymous_0)
FN:10,(anonymous_1)
FN:22,(anonymous_2)
FN:24,(anonymous_3)
FNF:4
FNH:4
FNDA:2,(anonymous_0)
FNDA:4,(anonymous_1)
FNDA:1,(anonymous_2)
FNDA:2,(anonymous_3)
DA:4,1
DA:6,2
DA:10,13
DA:12,8
DA:13,5
DA:14,1
DA:18,3
DA:22,3
DA:24,1
DA:26,2
DA:27,1
DA:29,1
DA:34,1
LF:13
LH:13
BRDA:6,0,0,2
BRDA:6,0,1,2
BRDA:6,0,2,2
BRDA:6,0,3,2
BRDA:13,1,0,1
BRDA:13,1,1,4
BRDA:13,2,0,5
BRDA:13,2,1,4
BRDA:24,3,0,1
BRDA:24,3,1,1
BRDA:26,4,0,1
BRDA:26,4,1,1
BRF:12
BRH:12
end_of_record
